Warning: QPainter::begin: Paint device returned engine == 0, type: 1
Warning: QPainter::setPen: Painter not active
Warning: QPainter::setBrush: Painter not active
Warning: QPainter::setRenderHint: Painter must be active to set rendering hints
Warning: QPainter::setPen: Painter not active
Debug: "19:09:10 c:\anthill_jobs\job504524\fmod4\tools\fmod_designer\src\sounddefform.ui.h:2159 FR: Delete Sound Def Item" 
Debug: "19:09:29 c:\anthill_jobs\job504524\fmod4\tools\fmod_designer\src\eventform.ui.h:2202 CH: Delete Events/Event Groups/Event Categories" 
Debug: "19:09:47 ..\..\src\simpleeventcontroller.cpp:606 HV: Set Playback Mode" 
Debug: "19:10:04 c:\anthill_jobs\job504524\fmod4\tools\fmod_designer\src\eventform.ui.h:2202 CH: Delete Events/Event Groups/Event Categories" 
Debug: "19:10:30 c:\anthill_jobs\job504524\fmod4\tools\fmod_designer\src\eventform.ui.h:1529 HH: Add Simple Event" 
Debug: "19:10:44 ..\..\src\simpleeventcontroller.cpp:1734 IS: Add Sound to Playlist" 
Debug: "19:10:56 c:\anthill_jobs\job504524\fmod4\tools\fmod_designer\src\eventform.ui.h:1529 HH: Add Simple Event" 
Debug: "19:11:00 ..\..\src\simpleeventcontroller.cpp:1734 IS: Add Sound to Playlist" 
Debug: 
Building project 'dungbeetle'...
Debug: Building project D:\Steam\steamapps\common\Don't Starve Together\mods\dungbeetle\sound\dungbeetle.fev...
Debug: Unique sound defs 1/2
Debug: Retrieving sound file info...
Debug: Retrieving reverb info...
Debug: FEV file written ok
Debug: Unique Envelope Points: 0 of 0
Debug: Unique Strings: 86 characters of 86
Debug: Caching sound file details for ''...
Debug: dungbeetle.mp3
Debug: dungbetle2.wav
Debug: Building 'dungbeetle.fsb'
Debug: Encoded D:\Steam\steamapps\common\Don't Starve Together\mods\dungbeetle\sound\dungbetle2.wav
Debug: Encoded D:\Steam\steamapps\common\Don't Starve Together\mods\dungbeetle\sound\dungbeetle.mp3
Debug: Writing FSB...
Debug: Finished building FSB
Debug: 
Debug: 
Summary of build:
SUCCESS: D:/Steam/steamapps/common/Don't Starve Together/mods/dungbeetle/sound/dungbeetle.fev
SUCCESS: dungbeetle.fsb
Debug: 
Building project 'dungbeetle'...
Debug: Building project D:\Steam\steamapps\common\Don't Starve Together\mods\dungbeetle\sound\dungbeetle.fev...
Debug: Unique sound defs 1/2
Debug: Retrieving sound file info...
Debug: Retrieving reverb info...
Debug: FEV file written ok
Debug: Unique Envelope Points: 0 of 0
Debug: Unique Strings: 86 characters of 86
Debug: Caching sound file details for ''...
Debug: dungbeetle.mp3
Debug: dungbetle2.wav
Debug: Building 'dungbeetle.fsb'
Debug: Encoded D:\Steam\steamapps\common\Don't Starve Together\mods\dungbeetle\sound\dungbetle2.wav
Debug: Encoded D:\Steam\steamapps\common\Don't Starve Together\mods\dungbeetle\sound\dungbeetle.mp3
Debug: Writing FSB...
Debug: Finished building FSB
Debug: 
Debug: 
Summary of build:
SUCCESS: D:/Steam/steamapps/common/Don't Starve Together/mods/dungbeetle/sound/dungbeetle.fev
SUCCESS: dungbeetle.fsb
